<?xml version="1.0" encoding="UTF-8"?>
<testsuite xmlns:xsi="http://www.w3.org/2001/XMLSchema-instance" xsi:noNamespaceSchemaLocation="https://maven.apache.org/surefire/maven-surefire-plugin/xsd/surefire-test-report.xsd" name="demo.ModuleApplicationTests" time="0.011" tests="1" errors="0" skipped="1" failures="0">
  <properties>
[...]
</properties>
  <testcase name="contextLoads" classname="demo.ModuleApplicationTests" time="0">
    <skipped/>
    <system-out><![CDATA[19:05:31.829 [main] DEBUG org.springframework.test.context.junit4.SpringJUnit4ClassRunner - SpringJUnit4ClassRunner constructor called with [class demo.ModuleApplicationTests]
19:05:31.838 [main] DEBUG org.springframework.test.context.BootstrapUtils - Instantiating CacheAwareContextLoaderDelegate from class [org.springframework.test.context.cache.DefaultCacheAwareContextLoaderDelegate]
19:05:31.864 [main] DEBUG org.springframework.test.context.BootstrapUtils - Instantiating BootstrapContext using constructor [public org.springframework.test.context.support.DefaultBootstrapContext(java.lang.Class,org.springframework.test.context.CacheAwareContextLoaderDelegate)]
19:05:31.949 [main] DEBUG org.springframework.test.context.BootstrapUtils - Instantiating TestContextBootstrapper for test class [demo.ModuleApplicationTests] from class [org.springframework.boot.test.context.SpringBootTestContextBootstrapper]
19:05:31.980 [main] INFO org.springframework.boot.test.context.SpringBootTestContextBootstrapper - Neither @ContextConfiguration nor @ContextHierarchy found for test class [demo.ModuleApplicationTests], using SpringBootContextLoader
19:05:31.988 [main] DEBUG org.springframework.test.context.support.AbstractContextLoader - Did not detect default resource location for test class [demo.ModuleApplicationTests]: class path resource [demo/ModuleApplicationTests-context.xml] does not exist
19:05:31.989 [main] DEBUG org.springframework.test.context.support.AbstractContextLoader - Did not detect default resource location for test class [demo.ModuleApplicationTests]: class path resource [demo/ModuleApplicationTestsContext.groovy] does not exist
19:05:31.990 [main] INFO org.springframework.test.context.support.AbstractContextLoader - Could not detect default resource locations for test class [demo.ModuleApplicationTests]: no resource found for suffixes {-context.xml, Context.groovy}.
19:05:32.088 [main] DEBUG org.springframework.test.context.support.ActiveProfilesUtils - Could not find an 'annotation declaring class' for annotation type [org.springframework.test.context.ActiveProfiles] and class [demo.ModuleApplicationTests]
19:05:32.373 [main] DEBUG org.springframework.boot.test.context.SpringBootTestContextBootstrapper - @TestExecutionListeners is not present for class [demo.ModuleApplicationTests]: using defaults.
19:05:32.374 [main] INFO org.springframework.boot.test.context.SpringBootTestContextBootstrapper - Loaded default TestExecutionListener class names from location [META-INF/spring.factories]: [org.springframework.boot.test.mock.mockito.MockitoTestExecutionListener, org.springframework.boot.test.mock.mockito.ResetMocksTestExecutionListener, org.springframework.boot.test.autoconfigure.restdocs.RestDocsTestExecutionListener, org.springframework.boot.test.autoconfigure.web.client.MockRestServiceServerResetTestExecutionListener, org.springframework.boot.test.autoconfigure.web.servlet.MockMvcPrintOnlyOnFailureTestExecutionListener, org.springframework.boot.test.autoconfigure.web.servlet.WebDriverTestExecutionListener, org.springframework.test.context.web.ServletTestExecutionListener, org.springframework.test.context.support.DirtiesContextBeforeModesTestExecutionListener, org.springframework.test.context.support.DependencyInjectionTestExecutionListener, org.springframework.test.context.support.DirtiesContextTestExecutionListener, org.springframework.test.context.transaction.TransactionalTestExecutionListener, org.springframework.test.context.jdbc.SqlScriptsTestExecutionListener, org.springframework.test.context.event.EventPublishingTestExecutionListener]
19:05:32.415 [main] INFO org.springframework.boot.test.context.SpringBootTestContextBootstrapper - Using TestExecutionListeners: [org.springframework.test.context.web.ServletTestExecutionListener@6ff29830, org.springframework.test.context.support.DirtiesContextBeforeModesTestExecutionListener@6a2b953e, org.springframework.boot.test.mock.mockito.MockitoTestExecutionListener@313b2ea6, org.springframework.boot.test.autoconfigure.SpringBootDependencyInjectionTestExecutionListener@2f465398, org.springframework.test.context.support.DirtiesContextTestExecutionListener@548e6d58, org.springframework.test.context.transaction.TransactionalTestExecutionListener@623a8092, org.springframework.test.context.jdbc.SqlScriptsTestExecutionListener@a1cdc6d, org.springframework.test.context.event.EventPublishingTestExecutionListener@175b9425, org.springframework.boot.test.mock.mockito.ResetMocksTestExecutionListener@3098cf3b, org.springframework.boot.test.autoconfigure.restdocs.RestDocsTestExecutionListener@610f7aa, org.springframework.boot.test.autoconfigure.web.client.MockRestServiceServerResetTestExecutionListener@6a03bcb1, org.springframework.boot.test.autoconfigure.web.servlet.MockMvcPrintOnlyOnFailureTestExecutionListener@21b2e768, org.springframework.boot.test.autoconfigure.web.servlet.WebDriverTestExecutionListener@57250572]
19:05:32.436 [main] DEBUG org.springframework.test.annotation.ProfileValueUtils - Retrieved @ProfileValueSourceConfiguration [null] for test class [demo.ModuleApplicationTests]
19:05:32.437 [main] DEBUG org.springframework.test.annotation.ProfileValueUtils - Retrieved ProfileValueSource type [class org.springframework.test.annotation.SystemProfileValueSource] for class [demo.ModuleApplicationTests]
19:05:32.475 [main] DEBUG org.springframework.test.context.junit4.SpringJUnit4ClassRunner - SpringJUnit4ClassRunner constructor called with [class demo.ModuleApplicationTests]
19:05:32.475 [main] DEBUG org.springframework.test.context.BootstrapUtils - Instantiating CacheAwareContextLoaderDelegate from class [org.springframework.test.context.cache.DefaultCacheAwareContextLoaderDelegate]
19:05:32.476 [main] DEBUG org.springframework.test.context.BootstrapUtils - Instantiating BootstrapContext using constructor [public org.springframework.test.context.support.DefaultBootstrapContext(java.lang.Class,org.springframework.test.context.CacheAwareContextLoaderDelegate)]
19:05:32.476 [main] DEBUG org.springframework.test.context.BootstrapUtils - Instantiating TestContextBootstrapper for test class [demo.ModuleApplicationTests] from class [org.springframework.boot.test.context.SpringBootTestContextBootstrapper]
19:05:32.477 [main] INFO org.springframework.boot.test.context.SpringBootTestContextBootstrapper - Neither @ContextConfiguration nor @ContextHierarchy found for test class [demo.ModuleApplicationTests], using SpringBootContextLoader
19:05:32.478 [main] DEBUG org.springframework.test.context.support.AbstractContextLoader - Did not detect default resource location for test class [demo.ModuleApplicationTests]: class path resource [demo/ModuleApplicationTests-context.xml] does not exist
19:05:32.479 [main] DEBUG org.springframework.test.context.support.AbstractContextLoader - Did not detect default resource location for test class [demo.ModuleApplicationTests]: class path resource [demo/ModuleApplicationTestsContext.groovy] does not exist
19:05:32.479 [main] INFO org.springframework.test.context.support.AbstractContextLoader - Could not detect default resource locations for test class [demo.ModuleApplicationTests]: no resource found for suffixes {-context.xml, Context.groovy}.
19:05:32.484 [main] DEBUG org.springframework.test.context.support.ActiveProfilesUtils - Could not find an 'annotation declaring class' for annotation type [org.springframework.test.context.ActiveProfiles] and class [demo.ModuleApplicationTests]
19:05:32.488 [main] DEBUG org.springframework.boot.test.context.SpringBootTestContextBootstrapper - @TestExecutionListeners is not present for class [demo.ModuleApplicationTests]: using defaults.
19:05:32.489 [main] INFO org.springframework.boot.test.context.SpringBootTestContextBootstrapper - Loaded default TestExecutionListener class names from location [META-INF/spring.factories]: [org.springframework.boot.test.mock.mockito.MockitoTestExecutionListener, org.springframework.boot.test.mock.mockito.ResetMocksTestExecutionListener, org.springframework.boot.test.autoconfigure.restdocs.RestDocsTestExecutionListener, org.springframework.boot.test.autoconfigure.web.client.MockRestServiceServerResetTestExecutionListener, org.springframework.boot.test.autoconfigure.web.servlet.MockMvcPrintOnlyOnFailureTestExecutionListener, org.springframework.boot.test.autoconfigure.web.servlet.WebDriverTestExecutionListener, org.springframework.test.context.web.ServletTestExecutionListener, org.springframework.test.context.support.DirtiesContextBeforeModesTestExecutionListener, org.springframework.test.context.support.DependencyInjectionTestExecutionListener, org.springframework.test.context.support.DirtiesContextTestExecutionListener, org.springframework.test.context.transaction.TransactionalTestExecutionListener, org.springframework.test.context.jdbc.SqlScriptsTestExecutionListener, org.springframework.test.context.event.EventPublishingTestExecutionListener]
19:05:32.489 [main] INFO org.springframework.boot.test.context.SpringBootTestContextBootstrapper - Using TestExecutionListeners: [org.springframework.test.context.web.ServletTestExecutionListener@2cd2a21f, org.springframework.test.context.support.DirtiesContextBeforeModesTestExecutionListener@2e55dd0c, org.springframework.boot.test.mock.mockito.MockitoTestExecutionListener@74455848, org.springframework.boot.test.autoconfigure.SpringBootDependencyInjectionTestExecutionListener@e7edb54, org.springframework.test.context.support.DirtiesContextTestExecutionListener@378542de, org.springframework.test.context.transaction.TransactionalTestExecutionListener@3738449f, org.springframework.test.context.jdbc.SqlScriptsTestExecutionListener@69e1dd28, org.springframework.test.context.event.EventPublishingTestExecutionListener@11bd0f3b, org.springframework.boot.test.mock.mockito.ResetMocksTestExecutionListener@c333c60, org.springframework.boot.test.autoconfigure.restdocs.RestDocsTestExecutionListener@79da8dc5, org.springframework.boot.test.autoconfigure.web.client.MockRestServiceServerResetTestExecutionListener@1eb5174b, org.springframework.boot.test.autoconfigure.web.servlet.MockMvcPrintOnlyOnFailureTestExecutionListener@67080771, org.springframework.boot.test.autoconfigure.web.servlet.WebDriverTestExecutionListener@72cde7cc]
19:05:32.490 [main] DEBUG org.springframework.test.annotation.ProfileValueUtils - Retrieved @ProfileValueSourceConfiguration [null] for test class [demo.ModuleApplicationTests]
19:05:32.490 [main] DEBUG org.springframework.test.annotation.ProfileValueUtils - Retrieved ProfileValueSource type [class org.springframework.test.annotation.SystemProfileValueSource] for class [demo.ModuleApplicationTests]
19:05:32.618 [main] DEBUG org.springframework.test.annotation.ProfileValueUtils - Retrieved @ProfileValueSourceConfiguration [null] for test class [demo.ModuleApplicationTests]
19:05:32.618 [main] DEBUG org.springframework.test.annotation.ProfileValueUtils - Retrieved ProfileValueSource type [class org.springframework.test.annotation.SystemProfileValueSource] for class [demo.ModuleApplicationTests]
19:05:32.627 [main] DEBUG org.springframework.test.annotation.ProfileValueUtils - Retrieved @ProfileValueSourceConfiguration [null] for test class [demo.ModuleApplicationTests]
19:05:32.627 [main] DEBUG org.springframework.test.annotation.ProfileValueUtils - Retrieved ProfileValueSource type [class org.springframework.test.annotation.SystemProfileValueSource] for class [demo.ModuleApplicationTests]
19:05:32.628 [main] DEBUG org.springframework.test.annotation.ProfileValueUtils - Retrieved @ProfileValueSourceConfiguration [null] for test class [demo.ModuleApplicationTests]
19:05:32.628 [main] DEBUG org.springframework.test.annotation.ProfileValueUtils - Retrieved ProfileValueSource type [class org.springframework.test.annotation.SystemProfileValueSource] for class [demo.ModuleApplicationTests]
]]></system-out>
  </testcase>
</testsuite>